<?xml version="1.0" encoding="UTF-8"?>
<testsuite name="com.magic.statecensus.StateCensusAnalyserTest" tests="1" skipped="0" failures="0" errors="0" timestamp="2021-06-14T11:25:01" hostname="DESKTOP-38KI29F" time="0.1">
  <properties/>
  <testcase name="givenPath_ButWrongDelimitedFile_ShouldReturn_WrongDelimiterExceptionType()" classname="com.magic.statecensus.StateCensusAnalyserTest" time="0.1"/>
  <system-out><![CDATA[Wrong Delimited File
]]></system-out>
  <system-err><![CDATA[]]></system-err>
</testsuite>
