<?xml version="1.0" encoding="UTF-8"?>
<testsuite name="com.magic.statecensus.StateCensusAnalyserTest" tests="2" skipped="0" failures="0" errors="0" timestamp="2021-06-14T09:31:54" hostname="DESKTOP-38KI29F" time="0.369">
  <properties/>
  <testcase name="givenPath_WhenCorrectShouldReturnNumOfEntriesAs29()" classname="com.magic.statecensus.StateCensusAnalyserTest" time="0.343"/>
  <testcase name="givenPath_WhenWrong_ShouldReturn_WrongFileExceptionType()" classname="com.magic.statecensus.StateCensusAnalyserTest" time="0.022"/>
  <system-out><![CDATA[Wrong Path Given
]]></system-out>
  <system-err><![CDATA[]]></system-err>
</testsuite>
